# JRE version: OpenJDK Runtime Environment Corretto-17.0.10.8.1 (17.0.10+8) (build 17.0.10+8-LTS)
# Java VM: OpenJDK 64-Bit Server VM Corretto-17.0.10.8.1 (17.0.10+8-LTS, mixed mode, sharing, tiered, compressed oops, compressed class ptrs, g1 gc, linux-amd64)
Heap:
 garbage-first heap   total 112640K, used 36229K [0x0000000094800000, 0x0000000100000000)
  region size 1024K, 11 young (11264K), 4 survivors (4096K)
 Metaspace       used 15657K, committed 16000K, reserved 1114112K
  class space    used 2154K, committed 2304K, reserved 1048576K
GC Heap History (6 events):
Event: 1.689 GC heap before
{Heap before GC invocations=0 (full 0):
 garbage-first heap   total 112640K, used 23472K [0x0000000094800000, 0x0000000100000000)
  region size 1024K, 23 young (23552K), 0 survivors (0K)
 Metaspace       used 6765K, committed 6976K, reserved 1114112K
  class space    used 861K, committed 960K, reserved 1048576K
}
Event: 1.693 GC heap after
{Heap after GC invocations=1 (full 0):
 garbage-first heap   total 112640K, used 3338K [0x0000000094800000, 0x0000000100000000)
  region size 1024K, 3 young (3072K), 3 survivors (3072K)
 Metaspace       used 6765K, committed 6976K, reserved 1114112K
  class space    used 861K, committed 960K, reserved 1048576K
}
Event: 7.568 GC heap before
{Heap before GC invocations=1 (full 0):
 garbage-first heap   total 112640K, used 53514K [0x0000000094800000, 0x0000000100000000)
  region size 1024K, 44 young (45056K), 3 survivors (3072K)
 Metaspace       used 14462K, committed 14720K, reserved 1114112K
  class space    used 2109K, committed 2240K, reserved 1048576K
}
Event: 7.576 GC heap after
{Heap after GC invocations=2 (full 0):
 garbage-first heap   total 112640K, used 16358K [0x0000000094800000, 0x0000000100000000)
  region size 1024K, 6 young (6144K), 6 survivors (6144K)
 Metaspace       used 14462K, committed 14720K, reserved 1114112K
  class space    used 2109K, committed 2240K, reserved 1048576K
}
Event: 63.423 GC heap before
{Heap before GC invocations=2 (full 0):
 garbage-first heap   total 112640K, used 58342K [0x0000000094800000, 0x0000000100000000)
  region size 1024K, 12 young (12288K), 6 survivors (6144K)
 Metaspace       used 14948K, committed 15232K, reserved 1114112K
  class space    used 2146K, committed 2304K, reserved 1048576K
}
Event: 63.428 GC heap after
{Heap after GC invocations=3 (full 0):
 garbage-first heap   total 112640K, used 17557K [0x0000000094800000, 0x0000000100000000)
  region size 1024K, 4 young (4096K), 4 survivors (4096K)
 Metaspace       used 14948K, committed 15232K, reserved 1114112K
  class space    used 2146K, committed 2304K, reserved 1048576K
}

