# JRE version: OpenJDK Runtime Environment Corretto-17.0.10.8.1 (17.0.10+8) (build 17.0.10+8-LTS)
# Java VM: OpenJDK 64-Bit Server VM Corretto-17.0.10.8.1 (17.0.10+8-LTS, mixed mode, sharing, tiered, compressed oops, compressed class ptrs, g1 gc, linux-amd64)
Heap:
 garbage-first heap   total 112640K, used 39893K [0x0000000094800000, 0x0000000100000000)
  region size 1024K, 13 young (13312K), 4 survivors (4096K)
 Metaspace       used 16052K, committed 16256K, reserved 1114112K
  class space    used 2266K, committed 2368K, reserved 1048576K
GC Heap History (6 events):
Event: 2.422 GC heap before
{Heap before GC invocations=0 (full 0):
 garbage-first heap   total 112640K, used 23472K [0x0000000094800000, 0x0000000100000000)
  region size 1024K, 23 young (23552K), 0 survivors (0K)
 Metaspace       used 6898K, committed 7104K, reserved 1114112K
  class space    used 874K, committed 960K, reserved 1048576K
}
Event: 2.428 GC heap after
{Heap after GC invocations=1 (full 0):
 garbage-first heap   total 112640K, used 3477K [0x0000000094800000, 0x0000000100000000)
  region size 1024K, 3 young (3072K), 3 survivors (3072K)
 Metaspace       used 6898K, committed 7104K, reserved 1114112K
  class space    used 874K, committed 960K, reserved 1048576K
}
Event: 7.063 GC heap before
{Heap before GC invocations=1 (full 0):
 garbage-first heap   total 112640K, used 79253K [0x0000000094800000, 0x0000000100000000)
  region size 1024K, 33 young (33792K), 3 survivors (3072K)
 Metaspace       used 14525K, committed 14784K, reserved 1114112K
  class space    used 2096K, committed 2240K, reserved 1048576K
}
Event: 7.071 GC heap after
{Heap after GC invocations=2 (full 0):
 garbage-first heap   total 112640K, used 17119K [0x0000000094800000, 0x0000000100000000)
  region size 1024K, 6 young (6144K), 6 survivors (6144K)
 Metaspace       used 14525K, committed 14784K, reserved 1114112K
  class space    used 2096K, committed 2240K, reserved 1048576K
}
Event: 11.511 GC heap before
{Heap before GC invocations=2 (full 0):
 garbage-first heap   total 112640K, used 58079K [0x0000000094800000, 0x0000000100000000)
  region size 1024K, 11 young (11264K), 6 survivors (6144K)
 Metaspace       used 14635K, committed 14848K, reserved 1114112K
  class space    used 2096K, committed 2240K, reserved 1048576K
}
Event: 11.515 GC heap after
{Heap after GC invocations=3 (full 0):
 garbage-first heap   total 112640K, used 17458K [0x0000000094800000, 0x0000000100000000)
  region size 1024K, 4 young (4096K), 4 survivors (4096K)
 Metaspace       used 14635K, committed 14848K, reserved 1114112K
  class space    used 2096K, committed 2240K, reserved 1048576K
}

